This is pdfTeX, Version 3.14159265-2.6-1.40.15 (TeX Live 2014) (preloaded format=mptopdf 2015.4.1)  4 FEB 2017 10:36
 restricted \write18 enabled.
 %&-line parsing enabled.
**\relax fig_buying_strategy.5
 (./fig_buying_strategy.5{/usr/local/texlive/2014/texmf-var/fonts/map/pdftex/up
dmap/pdftex.map}) [1] 
Here is how much of TeX's memory you used:
 47 strings out of 496714
 472 string characters out of 6201118
 4059892 words of memory out of 9045099
 1697 multiletter control sequences out of 15000+600000
 981 words of font info for 3 fonts, out of 8000000 for 9000
 0 hyphenation exceptions out of 8191
 10i,3n,7p,176b,247s stack positions out of 5000i,500n,10000p,200000b,80000s
</usr/local/texlive/2014/texmf-dist/fonts/type1/public/ams
fonts/cm/cmmi10.pfb></usr/local/texlive/2014/texmf-dist/fonts/type1/public/amsf
onts/cm/cmmi7.pfb></usr/local/texlive/2014/texmf-dist/fonts/type1/public/amsfon
ts/cm/cmsy7.pfb>
Output written on fig_buying_strategy.pdf (1 page, 24901 bytes).
PDF statistics:
 20 PDF objects out of 1000 (max. 8388607)
 0 named destinations out of 1000 (max. 500000)
 7 words of extra memory for PDF output out of 10000 (max. 10000000)

