This is pdfTeX, Version 3.14159265-2.6-1.40.15 (TeX Live 2014) (preloaded format=mptopdf 2015.4.1)  4 FEB 2017 10:17
 restricted \write18 enabled.
 %&-line parsing enabled.
**\relax fig_market_equilibrium.0
 (./fig_market_equilibrium.0{/usr/local/texlive/2014/texmf-var/fonts/map/pdftex
/updmap/pdftex.map}) [1] 
Here is how much of TeX's memory you used:
 58 strings out of 496714
 567 string characters out of 6201118
 4089896 words of memory out of 9075103
 1706 multiletter control sequences out of 15000+600000
 2480 words of font info for 8 fonts, out of 8000000 for 9000
 0 hyphenation exceptions out of 8191
 10i,3n,7p,179b,256s stack positions out of 5000i,500n,10000p,200000b,80000s
</usr/local/texlive/2014/texmf-dist/fonts/type1/public/
amsfonts/cm/cmex10.pfb></usr/local/texlive/2014/texmf-dist/fonts/type1/public/a
msfonts/cm/cmmi10.pfb></usr/local/texlive/2014/texmf-dist/fonts/type1/public/am
sfonts/cm/cmmi7.pfb></usr/local/texlive/2014/texmf-dist/fonts/type1/public/amsf
onts/cm/cmr7.pfb></usr/local/texlive/2014/texmf-dist/fonts/type1/public/amsfont
s/cm/cmsy7.pfb>
Output written on fig_market_equilibrium.pdf (1 page, 41367 bytes).
PDF statistics:
 28 PDF objects out of 1000 (max. 8388607)
 0 named destinations out of 1000 (max. 500000)
 7 words of extra memory for PDF output out of 10000 (max. 10000000)

