\BOOKMARK [1][-]{section*.2}{List of variables}{}% 1
\BOOKMARK [1][-]{section*.4}{List of Aggregate Parameters}{}% 2
\BOOKMARK [1][-]{section*.6}{List of individual Parameters}{}% 3
\BOOKMARK [1][-]{section.1}{Overview}{}% 4
\BOOKMARK [2][-]{subsection.1.1}{Market organization}{section.1}% 5
\BOOKMARK [2][-]{subsection.1.2}{Market Participants}{section.1}% 6
\BOOKMARK [2][-]{subsection.1.3}{Dynamics}{section.1}% 7
\BOOKMARK [1][-]{section.2}{The loop}{}% 8
\BOOKMARK [2][-]{subsection.2.1}{Producers decide if allow/forbid export}{section.2}% 9
\BOOKMARK [2][-]{subsection.2.2}{Buyers with an associated producer decide if allow/forbid import}{section.2}% 10
\BOOKMARK [2][-]{subsection.2.3}{Buyers update buying strategy}{section.2}% 11
\BOOKMARK [2][-]{subsection.2.4}{Perform market sessions}{section.2}% 12
\BOOKMARK [2][-]{subsection.2.5}{Buyers account consumption}{section.2}% 13
\BOOKMARK [2][-]{subsection.2.6}{Producer Produce}{section.2}% 14
\BOOKMARK [1][-]{section.3}{Installation}{}% 15
\BOOKMARK [2][-]{subsection.3.1}{Java Development Kit \(JDK\)}{section.3}% 16
\BOOKMARK [2][-]{subsection.3.2}{Repast Simphony \(RS\)}{section.3}% 17
\BOOKMARK [2][-]{subsection.3.3}{CMS}{section.3}% 18
\BOOKMARK [3][-]{subsubsection.3.3.1}{Using git}{subsection.3.3}% 19
\BOOKMARK [3][-]{subsubsection.3.3.2}{Using a zip archive}{subsection.3.3}% 20
\BOOKMARK [1][-]{section.4}{Testing the Installation}{}% 21
\BOOKMARK [2][-]{subsection.4.1}{Setup the data loader}{section.4}% 22
\BOOKMARK [2][-]{subsection.4.2}{Running GABRIELE}{section.4}% 23
\BOOKMARK [3][-]{subsubsection.4.2.1}{Running in GUI mode}{subsection.4.2}% 24
\BOOKMARK [3][-]{subsubsection.4.2.2}{Running in BATCH mode}{subsection.4.2}% 25
\BOOKMARK [1][-]{section.5}{Parameter setting}{}% 26
\BOOKMARK [1][-]{section.6}{Customizing the simulation}{}% 27
\BOOKMARK [2][-]{subsection.6.1}{Creation and configuration of agents}{section.6}% 28
\BOOKMARK [3][-]{subsubsection.6.1.1}{Producers}{subsection.6.1}% 29
\BOOKMARK [3][-]{subsubsection.6.1.2}{Buyers}{subsection.6.1}% 30
\BOOKMARK [3][-]{subsubsection.6.1.3}{Markets}{subsection.6.1}% 31
\BOOKMARK [2][-]{subsection.6.2}{Output}{section.6}% 32
