This is pdfTeX, Version 3.14159265-2.6-1.40.15 (TeX Live 2014) (preloaded format=pdflatex 2015.4.1)  11 FEB 2017 17:28
entering extended mode
 restricted \write18 enabled.
 file:line:error style messages enabled.
 %&-line parsing enabled.
**manual.tex
(./manual.tex
LaTeX2e <2014/05/01>
Babel <3.9k> and hyphenation patterns for 78 languages loaded.
(/usr/local/texlive/2014/texmf-dist/tex/latex/base/article.cls
Document Class: article 2007/10/19 v1.4h Standard LaTeX document class
(/usr/local/texlive/2014/texmf-dist/tex/latex/base/size10.clo
File: size10.clo 2007/10/19 v1.4h Standard LaTeX file (size option)
)
\c@part=\count79
\c@section=\count80
\c@subsection=\count81
\c@subsubsection=\count82
\c@paragraph=\count83
\c@subparagraph=\count84
\c@figure=\count85
\c@table=\count86
\abovecaptionskip=\skip41
\belowcaptionskip=\skip42
\bibindent=\dimen102
)
(/usr/local/texlive/2014/texmf-dist/tex/latex/graphics/graphicx.sty
Package: graphicx 2014/04/25 v1.0g Enhanced LaTeX Graphics (DPC,SPQR)

(/usr/local/texlive/2014/texmf-dist/tex/latex/graphics/keyval.sty
Package: keyval 2014/05/08 v1.15 key=value parser (DPC)
\KV@toks@=\toks14
)
(/usr/local/texlive/2014/texmf-dist/tex/latex/graphics/graphics.sty
Package: graphics 2009/02/05 v1.0o Standard LaTeX Graphics (DPC,SPQR)

(/usr/local/texlive/2014/texmf-dist/tex/latex/graphics/trig.sty
Package: trig 1999/03/16 v1.09 sin cos tan (DPC)
)
(/usr/local/texlive/2014/texmf-dist/tex/latex/latexconfig/graphics.cfg
File: graphics.cfg 2010/04/23 v1.9 graphics configuration of TeX Live
)
Package graphics Info: Driver file: pdftex.def on input line 91.

(/usr/local/texlive/2014/texmf-dist/tex/latex/pdftex-def/pdftex.def
File: pdftex.def 2011/05/27 v0.06d Graphics/color for pdfTeX

(/usr/local/texlive/2014/texmf-dist/tex/generic/oberdiek/infwarerr.sty
Package: infwarerr 2010/04/08 v1.3 Providing info/warning/error messages (HO)
)
(/usr/local/texlive/2014/texmf-dist/tex/generic/oberdiek/ltxcmds.sty
Package: ltxcmds 2011/11/09 v1.22 LaTeX kernel commands for general use (HO)
)
\Gread@gobject=\count87
))
\Gin@req@height=\dimen103
\Gin@req@width=\dimen104
)
(/usr/local/texlive/2014/texmf-dist/tex/latex/xcolor/xcolor.sty
Package: xcolor 2007/01/21 v2.11 LaTeX color extensions (UK)

(/usr/local/texlive/2014/texmf-dist/tex/latex/latexconfig/color.cfg
File: color.cfg 2007/01/18 v1.5 color configuration of teTeX/TeXLive
)
Package xcolor Info: Driver file: pdftex.def on input line 225.
Package xcolor Info: Model `cmy' substituted by `cmy0' on input line 1337.
Package xcolor Info: Model `hsb' substituted by `rgb' on input line 1341.
Package xcolor Info: Model `RGB' extended on input line 1353.
Package xcolor Info: Model `HTML' substituted by `rgb' on input line 1355.
Package xcolor Info: Model `Hsb' substituted by `hsb' on input line 1356.
Package xcolor Info: Model `tHsb' substituted by `hsb' on input line 1357.
Package xcolor Info: Model `HSB' substituted by `hsb' on input line 1358.
Package xcolor Info: Model `Gray' substituted by `gray' on input line 1359.
Package xcolor Info: Model `wave' substituted by `hsb' on input line 1360.
)
(/usr/local/texlive/2014/texmf-dist/tex/latex/fancyvrb/fancyvrb.sty
Package: fancyvrb 2008/02/07

Style option: `fancyvrb' v2.7a, with DG/SPQR fixes, and firstline=lastline fix 
<2008/02/07> (tvz)
\FV@CodeLineNo=\count88
\FV@InFile=\read1
\FV@TabBox=\box26
\c@FancyVerbLine=\count89
\FV@StepNumber=\count90
\FV@OutFile=\write3
)
(/usr/local/texlive/2014/texmf-dist/tex/latex/hyperref/hyperref.sty
Package: hyperref 2012/11/06 v6.83m Hypertext links for LaTeX

(/usr/local/texlive/2014/texmf-dist/tex/generic/oberdiek/hobsub-hyperref.sty
Package: hobsub-hyperref 2012/05/28 v1.13 Bundle oberdiek, subset hyperref (HO)


(/usr/local/texlive/2014/texmf-dist/tex/generic/oberdiek/hobsub-generic.sty
Package: hobsub-generic 2012/05/28 v1.13 Bundle oberdiek, subset generic (HO)
Package: hobsub 2012/05/28 v1.13 Construct package bundles (HO)
Package hobsub Info: Skipping package `infwarerr' (already loaded).
Package hobsub Info: Skipping package `ltxcmds' (already loaded).
Package: ifluatex 2010/03/01 v1.3 Provides the ifluatex switch (HO)
Package ifluatex Info: LuaTeX not detected.
Package: ifvtex 2010/03/01 v1.5 Detect VTeX and its facilities (HO)
Package ifvtex Info: VTeX not detected.
Package: intcalc 2007/09/27 v1.1 Expandable calculations with integers (HO)
Package: ifpdf 2011/01/30 v2.3 Provides the ifpdf switch (HO)
Package ifpdf Info: pdfTeX in PDF mode is detected.
Package: etexcmds 2011/02/16 v1.5 Avoid name clashes with e-TeX commands (HO)
Package etexcmds Info: Could not find \expanded.
(etexcmds)             That can mean that you are not using pdfTeX 1.50 or
(etexcmds)             that some package has redefined \expanded.
(etexcmds)             In the latter case, load this package earlier.
Package: kvsetkeys 2012/04/25 v1.16 Key value parser (HO)
Package: kvdefinekeys 2011/04/07 v1.3 Define keys (HO)
Package: pdftexcmds 2011/11/29 v0.20 Utility functions of pdfTeX for LuaTeX (HO
)
Package pdftexcmds Info: LuaTeX not detected.
Package pdftexcmds Info: \pdf@primitive is available.
Package pdftexcmds Info: \pdf@ifprimitive is available.
Package pdftexcmds Info: \pdfdraftmode found.
Package: pdfescape 2011/11/25 v1.13 Implements pdfTeX's escape features (HO)
Package: bigintcalc 2012/04/08 v1.3 Expandable calculations on big integers (HO
)
Package: bitset 2011/01/30 v1.1 Handle bit-vector datatype (HO)
Package: uniquecounter 2011/01/30 v1.2 Provide unlimited unique counter (HO)
)
Package hobsub Info: Skipping package `hobsub' (already loaded).
Package: letltxmacro 2010/09/02 v1.4 Let assignment for LaTeX macros (HO)
Package: hopatch 2012/05/28 v1.2 Wrapper for package hooks (HO)
Package: xcolor-patch 2011/01/30 xcolor patch
Package: atveryend 2011/06/30 v1.8 Hooks at the very end of document (HO)
Package atveryend Info: \enddocument detected (standard20110627).
Package: atbegshi 2011/10/05 v1.16 At begin shipout hook (HO)
Package: refcount 2011/10/16 v3.4 Data extraction from label references (HO)
Package: hycolor 2011/01/30 v1.7 Color options for hyperref/bookmark (HO)
)
(/usr/local/texlive/2014/texmf-dist/tex/generic/ifxetex/ifxetex.sty
Package: ifxetex 2010/09/12 v0.6 Provides ifxetex conditional
)
(/usr/local/texlive/2014/texmf-dist/tex/latex/oberdiek/auxhook.sty
Package: auxhook 2011/03/04 v1.3 Hooks for auxiliary files (HO)
)
(/usr/local/texlive/2014/texmf-dist/tex/latex/oberdiek/kvoptions.sty
Package: kvoptions 2011/06/30 v3.11 Key value format for package options (HO)
)
\@linkdim=\dimen105
\Hy@linkcounter=\count91
\Hy@pagecounter=\count92

(/usr/local/texlive/2014/texmf-dist/tex/latex/hyperref/pd1enc.def
File: pd1enc.def 2012/11/06 v6.83m Hyperref: PDFDocEncoding definition (HO)
)
\Hy@SavedSpaceFactor=\count93

(/usr/local/texlive/2014/texmf-dist/tex/latex/latexconfig/hyperref.cfg
File: hyperref.cfg 2002/06/06 v1.2 hyperref configuration of TeXLive
)
Package hyperref Info: Option `colorlinks' set `true' on input line 4319.
Package hyperref Info: Hyper figures OFF on input line 4443.
Package hyperref Info: Link nesting OFF on input line 4448.
Package hyperref Info: Hyper index ON on input line 4451.
Package hyperref Info: Plain pages OFF on input line 4458.
Package hyperref Info: Backreferencing OFF on input line 4463.
Package hyperref Info: Implicit mode ON; LaTeX internals redefined.
Package hyperref Info: Bookmarks ON on input line 4688.
\c@Hy@tempcnt=\count94

(/usr/local/texlive/2014/texmf-dist/tex/latex/url/url.sty
\Urlmuskip=\muskip10
Package: url 2013/09/16  ver 3.4  Verb mode for urls, etc.
)
LaTeX Info: Redefining \url on input line 5041.
\XeTeXLinkMargin=\dimen106
\Fld@menulength=\count95
\Field@Width=\dimen107
\Fld@charsize=\dimen108
Package hyperref Info: Hyper figures OFF on input line 6295.
Package hyperref Info: Link nesting OFF on input line 6300.
Package hyperref Info: Hyper index ON on input line 6303.
Package hyperref Info: backreferencing OFF on input line 6310.
Package hyperref Info: Link coloring ON on input line 6313.
Package hyperref Info: Link coloring with OCG OFF on input line 6320.
Package hyperref Info: PDF/A mode OFF on input line 6325.
LaTeX Info: Redefining \ref on input line 6365.
LaTeX Info: Redefining \pageref on input line 6369.
\Hy@abspage=\count96
\c@Item=\count97
\c@Hfootnote=\count98
)

Package hyperref Message: Driver (autodetected): hpdftex.

(/usr/local/texlive/2014/texmf-dist/tex/latex/hyperref/hpdftex.def
File: hpdftex.def 2012/11/06 v6.83m Hyperref driver for pdfTeX
\Fld@listcount=\count99
\c@bookmark@seq@number=\count100

(/usr/local/texlive/2014/texmf-dist/tex/latex/oberdiek/rerunfilecheck.sty
Package: rerunfilecheck 2011/04/15 v1.7 Rerun checks for auxiliary files (HO)
Package uniquecounter Info: New unique counter `rerunfilecheck' on input line 2
82.
)
\Hy@SectionHShift=\skip43
)
(/usr/local/texlive/2014/texmf-dist/tex/latex/sidenotes/sidenotes.sty
Package: sidenotes 2014/02/14 v0.96a rich text in the margin for LaTeX

(/usr/local/texlive/2014/texmf-dist/tex/latex/marginnote/marginnote.sty
Package: marginnote 2012/03/29 v1.1i non floating margin notes for LaTeX
\c@mn@abspage=\count101
)
(/usr/local/texlive/2014/texmf-dist/tex/latex/caption/caption.sty
Package: caption 2013/05/02 v3.3-89 Customizing captions (AR)

(/usr/local/texlive/2014/texmf-dist/tex/latex/caption/caption3.sty
Package: caption3 2013/05/02 v1.6-88 caption3 kernel (AR)
Package caption3 Info: TeX engine: e-TeX on input line 57.
\captionmargin=\dimen109
\captionmargin@=\dimen110
\captionwidth=\dimen111
\caption@tempdima=\dimen112
\caption@indent=\dimen113
\caption@parindent=\dimen114
\caption@hangindent=\dimen115
)
\c@ContinuedFloat=\count102
Package caption Info: hyperref package is loaded.
)
(/usr/local/texlive/2014/texmf-dist/tex/latex/l3packages/xparse/xparse.sty
(/usr/local/texlive/2014/texmf-dist/tex/latex/l3kernel/expl3.sty
Package: expl3 2014/05/20 v4814 L3 programming layer (loader) 

(/usr/local/texlive/2014/texmf-dist/tex/latex/l3kernel/expl3-code.tex
Package: expl3 2014/05/20 v4814 L3 programming layer (code) 
L3 Module: l3bootstrap 2014/05/16 v4782 L3 Bootstrap code

(/usr/local/texlive/2014/texmf-dist/tex/latex/etex-pkg/etex.sty
Package: etex 1998/03/26 v2.0 eTeX basic definition package (PEB)
\et@xins=\count103
)
L3 Module: l3names 2014/05/04 v4728 L3 Namespace for primitives
L3 Module: l3basics 2014/05/04 v4728 L3 Basic definitions
L3 Module: l3expan 2014/04/30 v4712 L3 Argument expansion
L3 Module: l3tl 2014/05/04 v4728 L3 Token lists
L3 Module: l3seq 2014/04/30 v4712 L3 Sequences and stacks
L3 Module: l3int 2014/05/16 v4776 L3 Integers
\c_max_int=\count104
\l_tmpa_int=\count105
\l_tmpb_int=\count106
\g_tmpa_int=\count107
\g_tmpb_int=\count108
L3 Module: l3quark 2014/05/04 v4728 L3 Quarks
L3 Module: l3prg 2014/05/04 v4728 L3 Control structures
\g__prg_map_int=\count109
L3 Module: l3clist 2014/05/04 v4728 L3 Comma separated lists
L3 Module: l3token 2014/05/04 v4728 L3 Experimental token manipulation
L3 Module: l3prop 2014/04/30 v4712 L3 Property lists
L3 Module: l3msg 2014/05/04 v4728 L3 Messages
L3 Module: l3file 2014/05/05 v4737 L3 File and I/O operations
\l_iow_line_count_int=\count110
\l__iow_target_count_int=\count111
\l__iow_current_line_int=\count112
\l__iow_current_word_int=\count113
\l__iow_current_indentation_int=\count114
L3 Module: l3skip 2014/05/05 v4738 L3 Dimensions and skips
\c_zero_dim=\dimen116
\c_max_dim=\dimen117
\l_tmpa_dim=\dimen118
\l_tmpb_dim=\dimen119
\g_tmpa_dim=\dimen120
\g_tmpb_dim=\dimen121
\c_zero_skip=\skip44
\c_max_skip=\skip45
\l_tmpa_skip=\skip46
\l_tmpb_skip=\skip47
\g_tmpa_skip=\skip48
\g_tmpb_skip=\skip49
\c_zero_muskip=\muskip11
\c_max_muskip=\muskip12
\l_tmpa_muskip=\muskip13
\l_tmpb_muskip=\muskip14
\g_tmpa_muskip=\muskip15
\g_tmpb_muskip=\muskip16
L3 Module: l3keys 2014/05/08 v4753 L3 Key-value interfaces
\g__keyval_level_int=\count115
\l_keys_choice_int=\count116
L3 Module: l3fp 2014/04/30 v4712 L3 Floating points
\c__fp_leading_shift_int=\count117
\c__fp_middle_shift_int=\count118
\c__fp_trailing_shift_int=\count119
\c__fp_big_leading_shift_int=\count120
\c__fp_big_middle_shift_int=\count121
\c__fp_big_trailing_shift_int=\count122
\c__fp_Bigg_leading_shift_int=\count123
\c__fp_Bigg_middle_shift_int=\count124
\c__fp_Bigg_trailing_shift_int=\count125
L3 Module: l3box 2014/05/04 v4728 L3 Experimental boxes
\c_empty_box=\box27
\l_tmpa_box=\box28
\l_tmpb_box=\box29
\g_tmpa_box=\box30
\g_tmpb_box=\box31
L3 Module: l3coffins 2014/05/04 v4728 L3 Coffin code layer
\l__coffin_internal_box=\box32
\l__coffin_internal_dim=\dimen122
\l__coffin_offset_x_dim=\dimen123
\l__coffin_offset_y_dim=\dimen124
\l__coffin_x_dim=\dimen125
\l__coffin_y_dim=\dimen126
\l__coffin_x_prime_dim=\dimen127
\l__coffin_y_prime_dim=\dimen128
\c_empty_coffin=\box33
\l__coffin_aligned_coffin=\box34
\l__coffin_aligned_internal_coffin=\box35
\l_tmpa_coffin=\box36
\l_tmpb_coffin=\box37
\l__coffin_display_coffin=\box38
\l__coffin_display_coord_coffin=\box39
\l__coffin_display_pole_coffin=\box40
\l__coffin_display_offset_dim=\dimen129
\l__coffin_display_x_dim=\dimen130
\l__coffin_display_y_dim=\dimen131
L3 Module: l3color 2014/04/30 v4712 L3 Experimental color support
L3 Module: l3luatex 2014/04/30 v4712 L3 Experimental LuaTeX-specific functions
\g__cctab_allocate_int=\count126
\g__cctab_stack_int=\count127
L3 Module: l3candidates 2014/05/04 v4734 L3 Experimental additions to l3kernel
\l__box_top_dim=\dimen132
\l__box_bottom_dim=\dimen133
\l__box_left_dim=\dimen134
\l__box_right_dim=\dimen135
\l__box_top_new_dim=\dimen136
\l__box_bottom_new_dim=\dimen137
\l__box_left_new_dim=\dimen138
\l__box_right_new_dim=\dimen139
\l__box_internal_box=\box41
\l__coffin_bounding_shift_dim=\dimen140
\l__coffin_left_corner_dim=\dimen141
\l__coffin_right_corner_dim=\dimen142
\l__coffin_bottom_corner_dim=\dimen143
\l__coffin_top_corner_dim=\dimen144
\l__coffin_scaled_total_height_dim=\dimen145
\l__coffin_scaled_width_dim=\dimen146
))
Package: xparse 2014/05/05 v4740 L3 Experimental document command parser
\l__xparse_current_arg_int=\count128
\l__xparse_m_args_int=\count129
\l__xparse_mandatory_args_int=\count130
\l__xparse_processor_int=\count131
\l__xparse_v_nesting_int=\count132
)
(/usr/local/texlive/2014/texmf-dist/tex/latex/changepage/changepage.sty
Package: changepage 2009/10/20 v1.0c check page and change page layout
\c@cp@cntr=\count133
\cp@tempcnt=\count134
)
\c@sidenote=\count135
.................................................
. LaTeX info: "xparse/define-command"
. 
. Defining document command \IfNoValueOrEmptyTF with arg. spec. 'mmm' on line
. 29.
.................................................
.................................................
. LaTeX info: "xparse/define-command"
. 
. Defining document command \sidenote with arg. spec. ' o o +m ' on line 42.
.................................................
.................................................
. LaTeX info: "xparse/define-command"
. 
. Defining document command \sidenotemark with arg. spec. ' o ' on line 52.
.................................................
.................................................
. LaTeX info: "xparse/define-command"
. 
. Defining document command \sidenotetext with arg. spec. ' o o +m ' on line
. 62.
.................................................
.................................................
. LaTeX info: "xparse/define-command"
. 
. Defining document command \sidecaption with arg. spec. 's o o m' on line 79.
.................................................
\@sidenotes@sidefigurebox=\box42
.................................................
. LaTeX info: "xparse/define-environment"
. 
. Defining document environment 'marginfigure' with arg. spec. 'o' on line 91.
.................................................
\@sidenotes@margintablebox=\box43
.................................................
. LaTeX info: "xparse/define-environment"
. 
. Defining document environment 'margintable' with arg. spec. 'o' on line 103.
.................................................
)
(/usr/local/texlive/2014/texmf-dist/tex/latex/glossaries/base/glossaries.sty
Package: glossaries 2014/04/04 v4.07 (NLCT)

(/usr/local/texlive/2014/texmf-dist/tex/latex/base/ifthen.sty
Package: ifthen 2001/05/26 v1.1c Standard LaTeX ifthen package (DPC)
)
(/usr/local/texlive/2014/texmf-dist/tex/latex/xkeyval/xkeyval.sty
Package: xkeyval 2014/05/09 v2.6d package option processing (HA)

(/usr/local/texlive/2014/texmf-dist/tex/generic/xkeyval/xkeyval.tex
\XKV@toks=\toks15
\XKV@tempa@toks=\toks16
\XKV@depth=\count136
File: xkeyval.tex 2014/05/09 v2.6d key=value parser (HA)
))
(/usr/local/texlive/2014/texmf-dist/tex/latex/glossaries/base/mfirstuc.sty
Package: mfirstuc 2013/11/04 v1.08 (NLCT)

(/usr/local/texlive/2014/texmf-dist/tex/latex/etoolbox/etoolbox.sty
Package: etoolbox 2011/01/03 v2.1 e-TeX tools for LaTeX
\etb@tempcnta=\count137
)
\@glsmfirst=\toks17
\@glsmrest=\toks18
)
(/usr/local/texlive/2014/texmf-dist/tex/latex/textcase/textcase.sty
Package: textcase 2004/10/07 v0.07 Text only upper/lower case changing (DPC)
)
(/usr/local/texlive/2014/texmf-dist/tex/latex/xfor/xfor.sty
Package: xfor 2009/02/05 v1.05 (NLCT)
)
(/usr/local/texlive/2014/texmf-dist/tex/latex/datatool/datatool-base.sty
Package: datatool-base 2013/09/06 v2.18 (NLCT)

(/usr/local/texlive/2014/texmf-dist/tex/latex/amsmath/amsmath.sty
Package: amsmath 2013/01/14 v2.14 AMS math features
\@mathmargin=\skip50

For additional information on amsmath, use the `?' option.
(/usr/local/texlive/2014/texmf-dist/tex/latex/amsmath/amstext.sty
Package: amstext 2000/06/29 v2.01

(/usr/local/texlive/2014/texmf-dist/tex/latex/amsmath/amsgen.sty
File: amsgen.sty 1999/11/30 v2.0
\@emptytoks=\toks19
\ex@=\dimen147
))
(/usr/local/texlive/2014/texmf-dist/tex/latex/amsmath/amsbsy.sty
Package: amsbsy 1999/11/29 v1.2d
\pmbraise@=\dimen148
)
(/usr/local/texlive/2014/texmf-dist/tex/latex/amsmath/amsopn.sty
Package: amsopn 1999/12/14 v2.01 operator names
)
\inf@bad=\count138
LaTeX Info: Redefining \frac on input line 210.
\uproot@=\count139
\leftroot@=\count140
LaTeX Info: Redefining \overline on input line 306.
\classnum@=\count141
\DOTSCASE@=\count142
LaTeX Info: Redefining \ldots on input line 378.
LaTeX Info: Redefining \dots on input line 381.
LaTeX Info: Redefining \cdots on input line 466.
\Mathstrutbox@=\box44
\strutbox@=\box45
\big@size=\dimen149
LaTeX Font Info:    Redeclaring font encoding OML on input line 566.
LaTeX Font Info:    Redeclaring font encoding OMS on input line 567.
\macc@depth=\count143
\c@MaxMatrixCols=\count144
\dotsspace@=\muskip17
\c@parentequation=\count145
\dspbrk@lvl=\count146
\tag@help=\toks20
\row@=\count147
\column@=\count148
\maxfields@=\count149
\andhelp@=\toks21
\eqnshift@=\dimen150
\alignsep@=\dimen151
\tagshift@=\dimen152
\tagwidth@=\dimen153
\totwidth@=\dimen154
\lineht@=\dimen155
\@envbody=\toks22
\multlinegap=\skip51
\multlinetaggap=\skip52
\mathdisplay@stack=\toks23
LaTeX Info: Redefining \[ on input line 2665.
LaTeX Info: Redefining \] on input line 2666.
)
(/usr/local/texlive/2014/texmf-dist/tex/latex/substr/substr.sty
Package: substr 2009/10/20 v1.2 Handle substrings
\c@su@anzahl=\count150
)
(/usr/local/texlive/2014/texmf-dist/tex/latex/datatool/datatool-fp.sty
Package: datatool-fp 2013/08/29 v2.17 (NLCT)

(/usr/local/texlive/2014/texmf-dist/tex/latex/fp/fp.sty
Package: fp 1995/04/02

`Fixed Point Package', Version 0.8, April 2, 1995 (C) Michael Mehlich
(/usr/local/texlive/2014/texmf-dist/tex/latex/fp/defpattern.sty
Package: defpattern 1994/10/12
\actioncount=\count151
)
(/usr/local/texlive/2014/texmf-dist/tex/latex/fp/fp-basic.sty
Package: fp-basic 1996/05/13
\FP@xs=\count152
\FP@xia=\count153
\FP@xib=\count154
\FP@xfa=\count155
\FP@xfb=\count156
\FP@rega=\count157
\FP@regb=\count158
\FP@regs=\count159
\FP@times=\count160
)
(/usr/local/texlive/2014/texmf-dist/tex/latex/fp/fp-addons.sty
Package: fp-addons 1995/03/15
)
(/usr/local/texlive/2014/texmf-dist/tex/latex/fp/fp-snap.sty
Package: fp-snap 1995/04/05
)
(/usr/local/texlive/2014/texmf-dist/tex/latex/fp/fp-exp.sty
Package: fp-exp 1995/04/03
)
(/usr/local/texlive/2014/texmf-dist/tex/latex/fp/fp-trigo.sty
Package: fp-trigo 1995/04/14
)
(/usr/local/texlive/2014/texmf-dist/tex/latex/fp/fp-pas.sty
Package: fp-pas 1994/08/29
)
(/usr/local/texlive/2014/texmf-dist/tex/latex/fp/fp-random.sty
Package: fp-random 1995/02/23
\FPseed=\count161
)
(/usr/local/texlive/2014/texmf-dist/tex/latex/fp/fp-eqn.sty
Package: fp-eqn 1995/04/03
)
(/usr/local/texlive/2014/texmf-dist/tex/latex/fp/fp-upn.sty
Package: fp-upn 1996/10/21
)
(/usr/local/texlive/2014/texmf-dist/tex/latex/fp/fp-eval.sty
Package: fp-eval 1995/04/03
)))
\@dtl@toks=\toks24
\@dtl@tmpcount=\count162
\dtl@tmplength=\skip53
\dtl@sortresult=\count163
\@dtl@numgrpsepcount=\count164
\@dtl@datatype=\count165
\dtl@codeA=\count166
\dtl@codeB=\count167
\@dtl@foreach@level=\count168
)
(/usr/local/texlive/2014/texmf-dist/tex/latex/glossaries/base/glossaries-compat
ible-307.sty
Package: glossaries-compatible-307 2013/11/14 v4.0 (NLCT)
)
\gls@level=\count169
\@gls@tmpb=\toks25
\gls@tmplen=\skip54
\glskeylisttok=\toks26
\glslabeltok=\toks27
\glsshorttok=\toks28
\glslongtok=\toks29

(/usr/local/texlive/2014/texmf-dist/tex/latex/glossaries/styles/glossary-hypern
av.sty
Package: glossary-hypernav 2013/11/14 v4.0 (NLCT)
)
(/usr/local/texlive/2014/texmf-dist/tex/latex/glossaries/styles/glossary-list.s
ty
Package: glossary-list 2013/11/14 v4.0 (NLCT)
\glslistdottedwidth=\skip55
)
(/usr/local/texlive/2014/texmf-dist/tex/latex/glossaries/styles/glossary-long.s
ty
Package: glossary-long 2013/11/14 v4.0 (NLCT)
 (/usr/local/texlive/2014/texmf-dist/tex/latex/tools/longtable.sty
Package: longtable 2004/02/01 v4.11 Multi-page Table package (DPC)
\LTleft=\skip56
\LTright=\skip57
\LTpre=\skip58
\LTpost=\skip59
\LTchunksize=\count170
\LTcapwidth=\dimen156
\LT@head=\box46
\LT@firsthead=\box47
\LT@foot=\box48
\LT@lastfoot=\box49
\LT@cols=\count171
\LT@rows=\count172
\c@LT@tables=\count173
\c@LT@chunks=\count174
\LT@p@ftn=\toks30
)
\glsdescwidth=\skip60
\glspagelistwidth=\skip61
)
(/usr/local/texlive/2014/texmf-dist/tex/latex/glossaries/styles/glossary-super.
sty
Package: glossary-super 2013/11/14 v4.0 (NLCT)
 (/usr/local/texlive/2014/texmf-dist/tex/latex/supertabular/supertabular.sty
Package: supertabular 2004/02/20 v4.1e the supertabular environment
\c@tracingst=\count175
\ST@wd=\dimen157
\ST@rightskip=\skip62
\ST@leftskip=\skip63
\ST@parfillskip=\skip64
\ST@pageleft=\dimen158
\ST@headht=\dimen159
\ST@tailht=\dimen160
\ST@pagesofar=\dimen161
\ST@pboxht=\dimen162
\ST@lineht=\dimen163
\ST@stretchht=\dimen164
\ST@prevht=\dimen165
\ST@toadd=\dimen166
\ST@dimen=\dimen167
\ST@pbox=\box50
))
(/usr/local/texlive/2014/texmf-dist/tex/latex/glossaries/styles/glossary-tree.s
ty
Package: glossary-tree 2014/03/06 v4.04 (NLCT)
\glstreeindent=\skip65
))
\glswrite=\write4
\glo@main@file=\write5
\openout5 = `manual.glo'.

Package glossaries Info: Writing glossary file manual.glo on input line 10.
\glo@variable@file=\write6
\openout6 = `manual.vot'.

Package glossaries Info: Writing glossary file manual.vot on input line 10.
\glo@parameter@file=\write7
\openout7 = `manual.pot'.

Package glossaries Info: Writing glossary file manual.pot on input line 10.
\glo@parameter1@file=\write8
\openout8 = `manual.p1ot'.

Package glossaries Info: Writing glossary file manual.p1ot on input line 10.
 (./manual.aux)
\openout1 = `manual.aux'.

LaTeX Font Info:    Checking defaults for OML/cmm/m/it on input line 14.
LaTeX Font Info:    ... okay on input line 14.
LaTeX Font Info:    Checking defaults for T1/cmr/m/n on input line 14.
LaTeX Font Info:    ... okay on input line 14.
LaTeX Font Info:    Checking defaults for OT1/cmr/m/n on input line 14.
LaTeX Font Info:    ... okay on input line 14.
LaTeX Font Info:    Checking defaults for OMS/cmsy/m/n on input line 14.
LaTeX Font Info:    ... okay on input line 14.
LaTeX Font Info:    Checking defaults for OMX/cmex/m/n on input line 14.
LaTeX Font Info:    ... okay on input line 14.
LaTeX Font Info:    Checking defaults for U/cmr/m/n on input line 14.
LaTeX Font Info:    ... okay on input line 14.
LaTeX Font Info:    Checking defaults for PD1/pdf/m/n on input line 14.
LaTeX Font Info:    ... okay on input line 14.

(/usr/local/texlive/2014/texmf-dist/tex/context/base/supp-pdf.mkii
[Loading MPS to PDF converter (version 2006.09.02).]
\scratchcounter=\count176
\scratchdimen=\dimen168
\scratchbox=\box51
\nofMPsegments=\count177
\nofMParguments=\count178
\everyMPshowfont=\toks31
\MPscratchCnt=\count179
\MPscratchDim=\dimen169
\MPnumerator=\count180
\makeMPintoPDFobject=\count181
\everyMPtoPDFconversion=\toks32
) (/usr/local/texlive/2014/texmf-dist/tex/latex/oberdiek/epstopdf-base.sty
Package: epstopdf-base 2010/02/09 v2.5 Base part for package epstopdf

(/usr/local/texlive/2014/texmf-dist/tex/latex/oberdiek/grfext.sty
Package: grfext 2010/08/19 v1.1 Manage graphics extensions (HO)
)
Package grfext Info: Graphics extension search list:
(grfext)             [.png,.pdf,.jpg,.mps,.jpeg,.jbig2,.jb2,.PNG,.PDF,.JPG,.JPE
G,.JBIG2,.JB2,.eps]
(grfext)             \AppendGraphicsExtensions on input line 452.

(/usr/local/texlive/2014/texmf-dist/tex/latex/latexconfig/epstopdf-sys.cfg
File: epstopdf-sys.cfg 2010/07/13 v1.3 Configuration of (r)epstopdf for TeX Liv
e
))
\AtBeginShipoutBox=\box52
Package hyperref Info: Link coloring ON on input line 14.

(/usr/local/texlive/2014/texmf-dist/tex/latex/hyperref/nameref.sty
Package: nameref 2012/10/27 v2.43 Cross-referencing by name of section

(/usr/local/texlive/2014/texmf-dist/tex/generic/oberdiek/gettitlestring.sty
Package: gettitlestring 2010/12/03 v1.4 Cleanup title references (HO)
)
\c@section@level=\count182
)
LaTeX Info: Redefining \ref on input line 14.
LaTeX Info: Redefining \pageref on input line 14.
LaTeX Info: Redefining \nameref on input line 14.

(./manual.out) (./manual.out)
\@outlinefile=\write9
\openout9 = `manual.out'.

Package marginnote Info: \pdfoutput not 0 and \pdflastxpos available.
(marginnote)             Extended position detection mode activated.
Package caption Info: Begin \AtBeginDocument code.
Package caption Info: longtable package is loaded.

(/usr/local/texlive/2014/texmf-dist/tex/latex/caption/ltcaption.sty
Package: ltcaption 2013/02/03 v1.3-62 longtable captions (AR)
)
Package caption Info: supertabular package is loaded.
Package caption Info: End \AtBeginDocument code.
\@sidenotes@extrawidth=\skip66

(./manual.glsdefs)
Underfull \hbox (badness 10000) in paragraph at lines 25--35

 []

[1

\openout4 = `manual.ist'.

{/usr/local/texlive/2014/texmf-var/fonts/map/pdftex/updmap/pdftex.map}]
(./manual.toc)
\tf@toc=\write10
\openout10 = `manual.toc'.

 [1] (./glossary_notation_variables.tex
\@gls@deffile=\write11
\openout11 = `manual.glsdefs'.

)
(./glossary_notation_parameters.tex) (./glossary_notation_parameters1.tex)
No file manual.gls.
(./manual.vin) (./manual.pin) (./manual.p1in [2]) [3]
LaTeX Font Info:    Try loading font information for OMS+cmr on input line 100.


(/usr/local/texlive/2014/texmf-dist/tex/latex/base/omscmr.fd
File: omscmr.fd 1999/05/25 v2.5h Standard LaTeX font definitions
)
LaTeX Font Info:    Font shape `OMS/cmr/m/n' in size <10> not available
(Font)              Font shape `OMS/cmsy/m/n' tried instead on input line 100.
pdfTeX warning (ext4): destination with the same identifier (name{page.1}) has 
been already used, duplicate ignored
<to be read again> 
                   \relax 
l.114 \begin{itemize}
                      [1] [2]
Overfull \hbox (55.51624pt too wide) in paragraph at lines 169--170
[]\OT1/cmr/m/n/10 The up-date fre-quency ([][][]$\OML/cmm/m/it/10 ^^\[]$[][]\OT
1/cmr/m/n/10 ) can be changed set-ting the []\OT1/cmtt/m/n/10 exportPolicyDecis
ionInterval
 []


Overfull \hbox (17.30144pt too wide) in paragraph at lines 171--171
[]\OT1/cmr/bx/n/12 Buyers with an as-so-ci-ated pro-ducer de-cide if al-low/for
bid
 []

[3]
Overfull \hbox (57.1128pt too wide) in paragraph at lines 179--180
[]\OT1/cmr/m/n/10 The up-date fre-quency ([][][]$\OML/cmm/m/it/10 ^^\[]$[][]\OT
1/cmr/m/n/10 ) can be changed set-ting the []\OT1/cmtt/m/n/10 exportPolicyDecis
ionInterval
 []

<fig_buying_strategy-0.pdf, id=285, 413.27087pt x 126.7133pt>
File: fig_buying_strategy-0.pdf Graphic file (type pdf)

<use fig_buying_strategy-0.pdf>
Package pdftex.def Info: fig_buying_strategy-0.pdf used on input line 213.
(pdftex.def)             Requested size: 413.26985pt x 126.71298pt.

Overfull \hbox (40.59073pt too wide) in paragraph at lines 212--214
[] [] 
 []

[4] <fig_buying_strategy-1.pdf, id=294, 413.27087pt x 133.1084pt>
File: fig_buying_strategy-1.pdf Graphic file (type pdf)

<use fig_buying_strategy-1.pdf>
Package pdftex.def Info: fig_buying_strategy-1.pdf used on input line 225.
(pdftex.def)             Requested size: 413.26985pt x 133.10806pt.

Overfull \hbox (40.59073pt too wide) in paragraph at lines 224--226
[] [] 
 []

<fig_buying_strategy-2.pdf, id=295, 413.27087pt x 133.1084pt>
File: fig_buying_strategy-2.pdf Graphic file (type pdf)

<use fig_buying_strategy-2.pdf>
Package pdftex.def Info: fig_buying_strategy-2.pdf used on input line 233.
(pdftex.def)             Requested size: 413.26985pt x 133.10806pt.

Overfull \hbox (40.59073pt too wide) in paragraph at lines 232--234
[] [] 
 []

[5 <./fig_buying_strategy-0.pdf> <./fig_buying_strategy-1.pdf>]
<fig_buying_strategy-3.pdf, id=342, 413.27087pt x 123.32324pt>
File: fig_buying_strategy-3.pdf Graphic file (type pdf)

<use fig_buying_strategy-3.pdf>
Package pdftex.def Info: fig_buying_strategy-3.pdf used on input line 239.
(pdftex.def)             Requested size: 413.26985pt x 123.32292pt.

Overfull \hbox (40.59073pt too wide) in paragraph at lines 238--240
[] [] 
 []

[6 <./fig_buying_strategy-2.pdf> <./fig_buying_strategy-3.pdf>]
<fig_buying_strategy-4.pdf, id=403, 413.1458pt x 123.32324pt>
File: fig_buying_strategy-4.pdf Graphic file (type pdf)

<use fig_buying_strategy-4.pdf>
Package pdftex.def Info: fig_buying_strategy-4.pdf used on input line 279.
(pdftex.def)             Requested size: 413.14479pt x 123.32292pt.

Overfull \hbox (40.46567pt too wide) in paragraph at lines 278--280
[] [] 
 []

[7 <./fig_buying_strategy-4.pdf>]
<fig_buying_strategy-5.pdf, id=421, 271.62198pt x 123.32324pt>
File: fig_buying_strategy-5.pdf Graphic file (type pdf)

<use fig_buying_strategy-5.pdf>
Package pdftex.def Info: fig_buying_strategy-5.pdf used on input line 288.
(pdftex.def)             Requested size: 271.6213pt x 123.32292pt.
 [8 <./fig_buying_strategy-5.pdf>]
<fig_market_equilibrium-0.pdf, id=440, 157.07103pt x 157.75165pt>
File: fig_market_equilibrium-0.pdf Graphic file (type pdf)

<use fig_market_equilibrium-0.pdf>
Package pdftex.def Info: fig_market_equilibrium-0.pdf used on input line 311.
(pdftex.def)             Requested size: 157.07063pt x 157.75125pt.
 [9 <./fig_market_equilibrium-0.pdf>]
Overfull \hbox (1.49698pt too wide) in paragraph at lines 364--367
[][]$\OT1/cmtt/m/n/10 http : / / www . oracle . com / technetwork / java / java
se / downloads / index . html$[][] 
 []

[10] [11] [12] [13]
Underfull \hbox (badness 10000) in paragraph at lines 615--618

 []


Overfull \hbox (69.74638pt too wide) in paragraph at lines 650--650
[]\OT1/cmtt/m/n/10 name,latitude,longitude,production share,markets,products,fi
rst production time[] 
 []


Overfull \hbox (22.4968pt too wide) in paragraph at lines 650--650
[]\OT1/cmtt/m/n/10 United States of America,43.01,-104.08,0.2,Dallas|Brasilia,P
roduct A,1[] 
 []

[14]
Overfull \hbox (64.49643pt too wide) in paragraph at lines 677--677
[]\OT1/cmtt/m/n/10 name,latitude,longitude,demand share,demand curve intercept,
demand curve slope[] 
 []

[15]
Overfull \hbox (27.10175pt too wide) in paragraph at lines 682--684
[]\OT1/cmr/m/n/10 the buyer's name. This is matched against the first col-umn o
f the []\OT1/cmtt/m/n/10 producers.csv
 []

[16]
Package atveryend Info: Empty hook `BeforeClearDocument' on input line 725.
 [17]
Package atveryend Info: Empty hook `AfterLastShipout' on input line 725.
 (./manual.aux)
Package atveryend Info: Executing hook `AtVeryEndDocument' on input line 725.
Package atveryend Info: Executing hook `AtEndAfterFileList' on input line 725.
Package rerunfilecheck Info: File `manual.out' has not changed.
(rerunfilecheck)             Checksum: C0F4AF47AB70A51A6509AA96E4685696;2172.
Package atveryend Info: Empty hook `AtVeryVeryEnd' on input line 725.
 ) 
Here is how much of TeX's memory you used:
 17430 strings out of 493117
 297089 string characters out of 6135434
 413302 words of memory out of 5000000
 20589 multiletter control sequences out of 15000+600000
 7030 words of font info for 26 fonts, out of 8000000 for 9000
 1141 hyphenation exceptions out of 8191
 46i,7n,40p,10473b,514s stack positions out of 5000i,500n,10000p,200000b,80000s
</usr/local/texlive/2014/texmf-dist/fonts/type1/public/amsfonts/cm/cmbx10.pfb
></usr/local/texlive/2014/texmf-dist/fonts/type1/public/amsfonts/cm/cmbx12.pfb>
</usr/local/texlive/2014/texmf-dist/fonts/type1/public/amsfonts/cm/cmcsc10.pfb>
</usr/local/texlive/2014/texmf-dist/fonts/type1/public/amsfonts/cm/cmmi10.pfb><
/usr/local/texlive/2014/texmf-dist/fonts/type1/public/amsfonts/cm/cmmi5.pfb></u
sr/local/texlive/2014/texmf-dist/fonts/type1/public/amsfonts/cm/cmmi7.pfb></usr
/local/texlive/2014/texmf-dist/fonts/type1/public/amsfonts/cm/cmr10.pfb></usr/l
ocal/texlive/2014/texmf-dist/fonts/type1/public/amsfonts/cm/cmr12.pfb></usr/loc
al/texlive/2014/texmf-dist/fonts/type1/public/amsfonts/cm/cmr5.pfb></usr/local/
texlive/2014/texmf-dist/fonts/type1/public/amsfonts/cm/cmr7.pfb></usr/local/tex
live/2014/texmf-dist/fonts/type1/public/amsfonts/cm/cmsy10.pfb></usr/local/texl
ive/2014/texmf-dist/fonts/type1/public/amsfonts/cm/cmsy7.pfb></usr/local/texliv
e/2014/texmf-dist/fonts/type1/public/amsfonts/cm/cmti12.pfb></usr/local/texlive
/2014/texmf-dist/fonts/type1/public/amsfonts/cm/cmtt10.pfb>
Output written on manual.pdf (21 pages, 437617 bytes).
PDF statistics:
 590 PDF objects out of 1000 (max. 8388607)
 499 compressed objects within 5 object streams
 88 named destinations out of 1000 (max. 500000)
 292 words of extra memory for PDF output out of 10000 (max. 10000000)

